<?xml version="1.0" encoding="UTF-8"?>
<!-- Generated by org.testng.reporters.JUnitReportReporter -->
<testsuite hostname="SL-HAJMERA" name="runners.OpportunityRunner" tests="1" failures="1" timestamp="20 Sep 2019 05:34:02 GMT" time="396.754" errors="0">
  <testcase name="feature" time="396.754" classname="runners.OpportunityRunner">
    <failure type="cucumber.runtime.CucumberException" message="java.lang.AssertionError: expected [Medium] but found [Medum]">
      <![CDATA[cucumber.runtime.CucumberException: java.lang.AssertionError: expected [Medium] but found [Medum]
	at cucumber.api.testng.TestNGCucumberRunner.runCucumber(TestNGCucumberRunner.java:69)
	at cucumber.api.testng.AbstractTestNGCucumberTests.feature(AbstractTestNGCucumberTests.java:21)
	at sun.reflect.NativeMethodAccessorImpl.invoke0(Native Method)
	at sun.reflect.NativeMethodAccessorImpl.invoke(NativeMethodAccessorImpl.java:62)
	at sun.reflect.DelegatingMethodAccessorImpl.invoke(DelegatingMethodAccessorImpl.java:43)
	at java.lang.reflect.Method.invoke(Method.java:498)
	at org.testng.internal.MethodInvocationHelper.invokeMethod(MethodInvocationHelper.java:80)
	at org.testng.internal.Invoker.invokeMethod(Invoker.java:714)
	at org.testng.internal.Invoker.invokeTestMethod(Invoker.java:901)
	at org.testng.internal.Invoker.invokeTestMethods(Invoker.java:1231)
	at org.testng.internal.TestMethodWorker.invokeTestMethods(TestMethodWorker.java:127)
	at org.testng.internal.TestMethodWorker.run(TestMethodWorker.java:111)
	at java.util.concurrent.ThreadPoolExecutor.runWorker(ThreadPoolExecutor.java:1149)
	at java.util.concurrent.ThreadPoolExecutor$Worker.run(ThreadPoolExecutor.java:624)
	at java.lang.Thread.run(Thread.java:748)
Caused by: java.lang.AssertionError: expected [Medium] but found [Medum]
	at org.testng.Assert.fail(Assert.java:94)
	at org.testng.Assert.failNotEquals(Assert.java:494)
	at org.testng.Assert.assertEquals(Assert.java:123)
	at org.testng.Assert.assertEquals(Assert.java:176)
	at org.testng.Assert.assertEquals(Assert.java:186)
	at page.actions.GenericActions.getTextDealSize(GenericActions.java:214)
	at stepDefinitions.genericRecordCreate.RecordCreate.validateDealSize(RecordCreate.java:86)
	at ✽.And Validate value of field Deal Size as "Medium"(featurefile/Opportunity.feature:24)
]]>
    </failure>
  </testcase> <!-- feature -->
</testsuite> <!-- runners.OpportunityRunner -->
